2019-04-18 15:28:01,511-BrowserEngline-INFO-You had select Chrome browser
2019-04-18 15:28:01,511-BrowserEngline-INFO-The test sever url is:http://192.168.1.203:8083/login
2019-04-18 15:28:04,660-BrowserEngline-INFO-Staring chrome browser.
2019-04-18 15:28:06,885-BrowserEngline-INFO-Open url:http://192.168.1.203:8083/login
2019-04-18 15:28:08,020-BrowserEngline-INFO-Maximize the current window.
2019-04-18 15:28:08,022-BrowserEngline-INFO-Set implicity wait 5 seconds. 
2019-04-18 15:28:08,288-BasePage-INFO-输入内容
2019-04-18 15:28:08,455-BasePage-INFO-输入内容
2019-04-18 15:28:09,862-BasePage-INFO-截图保存到 /screenshots
2019-04-18 15:28:13,755-BasePage-INFO-截图保存到 /screenshots
2019-04-18 15:28:14,362-BasePage-INFO-输入内容
2019-04-18 15:28:18,965-BasePage-INFO-输入内容
2019-04-18 15:28:31,917-BasePage-ERROR-Failed to type in input box with 'NoneType' object has no attribute 'send_keys'
2019-04-18 15:28:56,556-BasePage-ERROR-Failed to type in input box with 'NoneType' object has no attribute 'send_keys'
2019-04-18 15:29:20,242-BasePage-INFO-输入内容
2019-04-18 15:29:24,663-BasePage-INFO-输入内容
2019-04-18 15:29:32,247-BasePage-ERROR-Failed to type in input box with Message: element not visible
  (Session info: chrome=72.0.3626.109)
  (Driver info: chromedriver=2.41.578737 (49da6702b16031c40d63e5618de03a32ff6c197e),platform=Windows NT 10.0.17134 x86_64)

2019-04-18 15:29:56,796-BasePage-ERROR-Failed to type in input box with 'NoneType' object has no attribute 'send_keys'
2019-04-18 15:30:20,317-BasePage-ERROR-Failed to type in input box with 'NoneType' object has no attribute 'send_keys'
