2019-04-18 16:26:07,999-BrowserEngline-INFO-You had select Chrome browser
2019-04-18 16:26:07,999-BrowserEngline-INFO-The test sever url is:http://192.168.1.203:8083/login
2019-04-18 16:26:10,709-BrowserEngline-INFO-Staring chrome browser.
2019-04-18 16:26:11,719-BrowserEngline-INFO-Open url:http://192.168.1.203:8083/login
2019-04-18 16:26:12,852-BrowserEngline-INFO-Maximize the current window.
2019-04-18 16:26:12,854-BrowserEngline-INFO-Set implicity wait 5 seconds. 
2019-04-18 16:26:13,139-BasePage-INFO-输入内容
2019-04-18 16:26:13,324-BasePage-INFO-输入内容
2019-04-18 16:26:14,686-BasePage-INFO-截图保存到 /screenshots
2019-04-18 16:26:17,269-BasePage-INFO-截图保存到 /screenshots
2019-04-18 16:26:18,197-BasePage-INFO-输入内容
2019-04-18 16:26:22,628-BasePage-INFO-输入内容
2019-04-18 16:26:35,762-BasePage-INFO-输入内容
2019-04-18 16:26:40,100-BasePage-INFO-输入内容
2019-04-18 16:26:52,931-BasePage-INFO-输入内容
2019-04-18 16:26:57,228-BasePage-INFO-输入内容
2019-04-18 16:27:10,074-BasePage-INFO-输入内容
2019-04-18 16:27:14,397-BasePage-INFO-输入内容
2019-04-18 16:27:16,798-BasePage-ERROR-Failed to type in input box with object of type 'float' has no len()
2019-04-18 16:27:41,058-BasePage-ERROR-Failed to type in input box with 'NoneType' object has no attribute 'send_keys'
2019-04-18 16:28:09,359-BasePage-INFO-输入内容
2019-04-18 16:28:09,806-BasePage-INFO-输入内容
2019-04-18 16:28:49,733-BasePage-ERROR-Failed to type in input box with 'NoneType' object has no attribute 'send_keys'
