2019-04-18 15:08:57,639-BrowserEngline-INFO-You had select Chrome browser
2019-04-18 15:08:57,639-BrowserEngline-INFO-The test sever url is:http://192.168.1.203:8083/login
2019-04-18 15:09:00,265-BrowserEngline-INFO-Staring chrome browser.
2019-04-18 15:09:05,412-BrowserEngline-INFO-Open url:http://192.168.1.203:8083/login
2019-04-18 15:09:06,604-BrowserEngline-INFO-Maximize the current window.
2019-04-18 15:09:06,606-BrowserEngline-INFO-Set implicity wait 5 seconds. 
2019-04-18 15:09:06,890-BasePage-INFO-输入内容
2019-04-18 15:09:07,027-BasePage-INFO-输入内容
2019-04-18 15:09:08,497-BasePage-INFO-截图保存到 /screenshots
2019-04-18 15:09:12,242-BasePage-INFO-截图保存到 /screenshots
2019-04-18 15:09:14,088-BasePage-INFO-输入内容
2019-04-18 15:09:18,617-BasePage-INFO-输入内容
2019-04-18 15:09:22,023-BasePage-INFO-输入内容
2019-04-18 15:09:26,353-BasePage-INFO-输入内容
2019-04-18 15:09:39,493-BasePage-INFO-输入内容
2019-04-18 15:09:43,819-BasePage-INFO-输入内容
2019-04-18 15:09:47,191-BasePage-INFO-输入内容
2019-04-18 15:09:51,512-BasePage-INFO-输入内容
2019-04-18 15:10:04,352-BasePage-ERROR-Failed to type in input box with 'NoneType' object has no attribute 'send_keys'
2019-04-18 15:10:28,811-BasePage-ERROR-Failed to type in input box with 'NoneType' object has no attribute 'send_keys'
