2019-04-18 14:54:12,098-BrowserEngline-INFO-You had select Chrome browser
2019-04-18 14:54:12,098-BrowserEngline-INFO-The test sever url is:http://192.168.1.203:8083/login
2019-04-18 14:54:14,573-BrowserEngline-INFO-Staring chrome browser.
2019-04-18 14:54:44,125-BrowserEngline-INFO-You had select Chrome browser
2019-04-18 14:54:44,125-BrowserEngline-INFO-The test sever url is:http://192.168.1.203:8083/login
2019-04-18 14:54:46,611-BrowserEngline-INFO-Staring chrome browser.
2019-04-18 14:54:48,246-BrowserEngline-INFO-Open url:http://192.168.1.203:8083/login
2019-04-18 14:54:49,381-BrowserEngline-INFO-Maximize the current window.
2019-04-18 14:54:49,383-BrowserEngline-INFO-Set implicity wait 5 seconds. 
2019-04-18 14:54:49,731-BasePage-INFO-输入内容
2019-04-18 14:54:49,731-BasePage-INFO-输入内容
2019-04-18 14:54:49,931-BasePage-INFO-输入内容
2019-04-18 14:54:49,931-BasePage-INFO-输入内容
2019-04-18 14:54:51,737-BasePage-INFO-截图保存到 /screenshots
2019-04-18 14:54:51,737-BasePage-INFO-截图保存到 /screenshots
2019-04-18 14:54:59,413-BasePage-INFO-截图保存到 /screenshots
2019-04-18 14:54:59,413-BasePage-INFO-截图保存到 /screenshots
2019-04-18 14:55:03,049-BasePage-INFO-输入内容
2019-04-18 14:55:03,049-BasePage-INFO-输入内容
2019-04-18 14:55:03,527-BasePage-INFO-截图保存到 /screenshots
2019-04-18 14:55:03,527-BasePage-INFO-截图保存到 /screenshots
2019-04-18 14:55:06,114-BasePage-INFO-截图保存到 /screenshots
2019-04-18 14:55:06,114-BasePage-INFO-截图保存到 /screenshots
2019-04-18 14:55:11,370-BrowserEngline-INFO-日志记录退出并关闭浏览器
